<?xml version="1.0" encoding="UTF-8"?>
<testsuite name="XMLKatalogTest" tests="3" skipped="0" failures="0" errors="0" timestamp="2016-07-14T15:10:55" hostname="Awesomo" time="0.016">
  <properties/>
  <testcase name="testFnF" classname="XMLKatalogTest" time="0.001"/>
  <testcase name="test_findeEintragsnummer" classname="XMLKatalogTest" time="0.004"/>
  <testcase name="test_getTitles" classname="XMLKatalogTest" time="0.001"/>
  <system-out><![CDATA[]]></system-out>
  <system-err><![CDATA[]]></system-err>
</testsuite>
